Case #1: 7 1
Case #2: 10 10
Case #3: 9 2
Case #4: 8 3
Case #5: 7 1
Case #6: 1 1
Case #7: 4 2
Case #8: 1 1
Case #9: 9 3
Case #10: 0 0
Case #11: 10 10
Case #12: 7 1
Case #13: 1 1
Case #14: 0 0
Case #15: 10 10
Case #16: 7 2
Case #17: 2 1
Case #18: 7 1
Case #19: 4 0
Case #20: 4 1
Case #21: 10 6
Case #22: 3 0
Case #23: 8 4
Case #24: 8 2
Case #25: 9 7
Case #26: 6 1
Case #27: 10 10
Case #28: 6 2
Case #29: 3 0
Case #30: 9 2
Case #31: 6 1
Case #32: 10 10
Case #33: 9 4
Case #34: 1 1
Case #35: 0 0
Case #36: 5 0
Case #37: 8 2
Case #38: 4 2
Case #39: 6 2
Case #40: 8 5
Case #41: 6 2
Case #42: 9 4
Case #43: 9 4
Case #44: 2 2
Case #45: 4 0
Case #46: 8 4
Case #47: 10 10
Case #48: 5 0
Case #49: 9 3
Case #50: 7 7
